<?xml version="1.0" encoding="UTF-8"?>
<!-- Generated by org.testng.reporters.JUnitReportReporter -->
<testsuite hostname="DESKTOP-IMBM639" failures="0" tests="1" name="qaiserhabib.appium.dragAndDrop" time="9.155" errors="0" timestamp="2023-11-30T13:19:15 GMT-08:00" skipped="0">
  <testcase classname="qaiserhabib.appium.dragAndDrop" name="dragDropTest" time="9.155"/>
  <system-out/>
</testsuite> <!-- qaiserhabib.appium.dragAndDrop -->
