<?xml version="1.0" encoding="UTF-8"?>
<!-- Generated by org.testng.reporters.JUnitReportReporter -->
<testsuite hostname="DESKTOP-IMBM639" failures="0" tests="1" name="qaiserhabib.appium.scrollDemo" time="5.588" errors="0" timestamp="2023-11-29T18:47:54 GMT-08:00" skipped="0">
  <testcase classname="qaiserhabib.appium.scrollDemo" name="scrollDemoTest" time="5.588"/>
  <system-out/>
</testsuite> <!-- qaiserhabib.appium.scrollDemo -->
