<?xml version="1.0" encoding="UTF-8"?>
<!-- Generated by org.testng.reporters.JUnitReportReporter -->
<testsuite hostname="DESKTOP-IMBM639" failures="0" tests="1" name="qaiserhabib.appium.longPress" time="13.255" errors="0" timestamp="2023-11-29T17:33:27 GMT-08:00" skipped="0">
  <testcase classname="qaiserhabib.appium.longPress" name="longPressGesture" time="13.255"/>
  <system-out/>
</testsuite> <!-- qaiserhabib.appium.longPress -->
