<?xml version="1.0" encoding="UTF-8"?>
<!-- Generated by org.testng.reporters.JUnitReportReporter -->
<testsuite hostname="DESKTOP-IMBM639" failures="0" tests="1" name="qaiserhabib.appium.appiumBasics" time="15.548" errors="0" timestamp="2023-11-29T13:11:45 GMT-08:00" skipped="0">
  <testcase classname="qaiserhabib.appium.appiumBasics" name="wifiSettingName" time="15.548"/>
  <system-out/>
</testsuite> <!-- qaiserhabib.appium.appiumBasics -->
