<?xml version="1.0" encoding="UTF-8"?>
<!-- Generated by org.testng.reporters.JUnitReportReporter -->
<testsuite hostname="DESKTOP-IMBM639" failures="0" tests="1" name="qaiserhabib.appium.miscellaneousAppiumActions" time="22.928" errors="0" timestamp="2023-11-30T14:34:01 GMT-08:00" skipped="0">
  <testcase classname="qaiserhabib.appium.miscellaneousAppiumActions" name="miscellaneousActions" time="22.928"/>
  <system-out/>
</testsuite> <!-- qaiserhabib.appium.miscellaneousAppiumActions -->
