<?xml version="1.0" encoding="UTF-8"?>
<!-- Generated by org.testng.reporters.JUnitReportReporter -->
<testsuite hostname="DESKTOP-IMBM639" failures="0" tests="1" name="qaiserhabib.appium.ecommerce_tc_2" time="34.752" errors="0" timestamp="2023-11-30T19:40:46 GMT-08:00" skipped="0">
  <testcase classname="qaiserhabib.appium.ecommerce_tc_2" name="fillForm" time="34.752"/>
  <system-out/>
</testsuite> <!-- qaiserhabib.appium.ecommerce_tc_2 -->
