<?xml version="1.0" encoding="UTF-8"?>
<!-- Generated by org.testng.reporters.JUnitReportReporter -->
<testsuite hostname="DESKTOP-IMBM639" failures="0" tests="1" name="qaiserhabib.appium.ecommerce_tc_4_Hybrid" time="54.098" errors="0" timestamp="2023-12-01T00:12:32 GMT-08:00" skipped="0">
  <testcase classname="qaiserhabib.appium.ecommerce_tc_4_Hybrid" name="fillForm" time="54.098"/>
  <system-out/>
</testsuite> <!-- qaiserhabib.appium.ecommerce_tc_4_Hybrid -->
