<?xml version="1.0" encoding="UTF-8"?>
<!-- Generated by org.testng.reporters.JUnitReportReporter -->
<testsuite hostname="DESKTOP-IMBM639" failures="0" tests="1" name="qaiserhabib.appium.swipeDemo" time="13.815" errors="0" timestamp="2023-11-29T19:55:30 GMT-08:00" skipped="0">
  <testcase classname="qaiserhabib.appium.swipeDemo" name="swipeDemoTest" time="13.815"/>
  <system-out/>
</testsuite> <!-- qaiserhabib.appium.swipeDemo -->
